[{"useNaturalConf":true,"startTime":"Dec 18, 2023, 10:19:48 PM","endTime":"Dec 18, 2023, 10:19:52 PM","status":"FAIL","level":0,"isLeaf":false,"name":"Login Test Feature","description":"  As a User\n  I should be able to login successfully with valid credentials\n  I should not be able to login with invalid credentials\n  I should able to logout successfully\n  I should see the logo on homepage","bddType":"com.aventstack.extentreports.gherkin.model.Feature","infoMap":{},"children":[{"useNaturalConf":true,"startTime":"Dec 18, 2023, 10:19:48 PM","endTime":"Dec 18, 2023, 10:19:52 PM","status":"FAIL","level":1,"isLeaf":false,"name":"Verify That The Logo Display On HomePage","description":"","bddType":"com.aventstack.extentreports.gherkin.model.Scenario","infoMap":{},"children":[{"useNaturalConf":true,"startTime":"Dec 18, 2023, 10:19:50 PM","endTime":"Dec 18, 2023, 10:19:51 PM","status":"PASS","level":2,"isLeaf":true,"name":"When User Enter Username \"Admin\"","description":"com.orangehrmlive.demo.steps.LoginPageSteps.userEnterUsername(java.lang.String)","bddType":"com.aventstack.extentreports.gherkin.model.When","infoMap":{},"children":[],"logs":[{"timestamp":"Dec 18, 2023, 10:19:51 PM","status":"PASS","details":"","seq":0,"infoMap":{}}],"media":[],"exceptions":[],"authorSet":[],"categorySet":[],"deviceSet":[],"generatedLog":[]},{"useNaturalConf":true,"startTime":"Dec 18, 2023, 10:19:51 PM","endTime":"Dec 18, 2023, 10:19:51 PM","status":"PASS","level":2,"isLeaf":true,"name":"And User Enter password \"admin123\"","description":"com.orangehrmlive.demo.steps.LoginPageSteps.userEnterPassword(java.lang.String)","bddType":"com.aventstack.extentreports.gherkin.model.And","infoMap":{},"children":[],"logs":[{"timestamp":"Dec 18, 2023, 10:19:51 PM","status":"PASS","details":"","seq":0,"infoMap":{}}],"media":[],"exceptions":[],"authorSet":[],"categorySet":[],"deviceSet":[],"generatedLog":[]},{"useNaturalConf":true,"startTime":"Dec 18, 2023, 10:19:51 PM","endTime":"Dec 18, 2023, 10:19:51 PM","status":"PASS","level":2,"isLeaf":true,"name":"And User click on login button","description":"com.orangehrmlive.demo.steps.LoginPageSteps.userClickOnLoginButton()","bddType":"com.aventstack.extentreports.gherkin.model.And","infoMap":{},"children":[],"logs":[{"timestamp":"Dec 18, 2023, 10:19:51 PM","status":"PASS","details":"","seq":0,"infoMap":{}}],"media":[],"exceptions":[],"authorSet":[],"categorySet":[],"deviceSet":[],"generatedLog":[]},{"useNaturalConf":true,"startTime":"Dec 18, 2023, 10:19:51 PM","endTime":"Dec 18, 2023, 10:19:51 PM","status":"FAIL","level":2,"isLeaf":true,"name":"When User Should able to see the OrangeHRM logo","description":"com.orangehrmlive.demo.steps.LoginPageSteps.userShouldAbleToSeeTheOrangeHRMLogo(java.lang.String)","bddType":"com.aventstack.extentreports.gherkin.model.When","infoMap":{},"children":[],"logs":[{"timestamp":"Dec 18, 2023, 10:19:51 PM","status":"FAIL","details":"","seq":0,"infoMap":{},"exception":{"exception":{"detailMessage":"Step [User Should able to see the OrangeHRM logo] is defined with 1 parameters at \u0027com.orangehrmlive.demo.steps.LoginPageSteps.userShouldAbleToSeeTheOrangeHRMLogo(java.lang.String)\u0027.\nHowever, the gherkin step has 0 arguments.\nStep text: User Should able to see the OrangeHRM logo","stackTrace":[{"classLoaderName":"app","declaringClass":"io.cucumber.core.runner.PickleStepDefinitionMatch","methodName":"arityMismatch","fileName":"PickleStepDefinitionMatch.java","lineNumber":83,"format":1},{"classLoaderName":"app","declaringClass":"io.cucumber.core.runner.PickleStepDefinitionMatch","methodName":"runStep","fileName":"PickleStepDefinitionMatch.java","lineNumber":42,"format":1},{"classLoaderName":"app","declaringClass":"io.cucumber.core.runner.ExecutionMode$1","methodName":"execute","fileName":"ExecutionMode.java","lineNumber":10,"format":1},{"classLoaderName":"app","declaringClass":"io.cucumber.core.runner.TestStep","methodName":"executeStep","fileName":"TestStep.java","lineNumber":84,"format":1},{"classLoaderName":"app","declaringClass":"io.cucumber.core.runner.TestStep","methodName":"run","fileName":"TestStep.java","lineNumber":56,"format":1},{"classLoaderName":"app","declaringClass":"io.cucumber.core.runner.PickleStepTestStep","methodName":"run","fileName":"PickleStepTestStep.java","lineNumber":51,"format":1},{"classLoaderName":"app","declaringClass":"io.cucumber.core.runner.TestCase","methodName":"run","fileName":"TestCase.java","lineNumber":84,"format":1},{"classLoaderName":"app","declaringClass":"io.cucumber.core.runner.Runner","methodName":"runPickle","fileName":"Runner.java","lineNumber":75,"format":1},{"classLoaderName":"app","declaringClass":"io.cucumber.testng.TestNGCucumberRunner","methodName":"lambda$runScenario$1","fileName":"TestNGCucumberRunner.java","lineNumber":132,"format":1},{"classLoaderName":"app","declaringClass":"io.cucumber.core.runtime.CucumberExecutionContext","methodName":"lambda$runTestCase$5","fileName":"CucumberExecutionContext.java","lineNumber":137,"format":1},{"classLoaderName":"app","declaringClass":"io.cucumber.core.runtime.RethrowingThrowableCollector","methodName":"executeAndThrow","fileName":"RethrowingThrowableCollector.java","lineNumber":23,"format":1},{"classLoaderName":"app","declaringClass":"io.cucumber.core.runtime.CucumberExecutionContext","methodName":"runTestCase","fileName":"CucumberExecutionContext.java","lineNumber":137,"format":1},{"classLoaderName":"app","declaringClass":"io.cucumber.testng.TestNGCucumberRunner","methodName":"runScenario","fileName":"TestNGCucumberRunner.java","lineNumber":129,"format":1},{"classLoaderName":"app","declaringClass":"io.cucumber.testng.AbstractTestNGCucumberTests","methodName":"runScenario","fileName":"AbstractTestNGCucumberTests.java","lineNumber":35,"format":1},{"moduleName":"java.base","moduleVersion":"17.0.8","declaringClass":"jdk.internal.reflect.NativeMethodAccessorImpl","methodName":"invoke0","fileName":"NativeMethodAccessorImpl.java","lineNumber":-2,"format":2},{"moduleName":"java.base","moduleVersion":"17.0.8","declaringClass":"jdk.internal.reflect.NativeMethodAccessorImpl","methodName":"invoke","fileName":"NativeMethodAccessorImpl.java","lineNumber":77,"format":2},{"moduleName":"java.base","moduleVersion":"17.0.8","declaringClass":"jdk.internal.reflect.DelegatingMethodAccessorImpl","methodName":"invoke","fileName":"DelegatingMethodAccessorImpl.java","lineNumber":43,"format":2},{"moduleName":"java.base","moduleVersion":"17.0.8","declaringClass":"java.lang.reflect.Method","methodName":"invoke","fileName":"Method.java","lineNumber":568,"format":2},{"classLoaderName":"app","declaringClass":"org.testng.internal.invokers.MethodInvocationHelper","methodName":"invokeMethod","fileName":"MethodInvocationHelper.java","lineNumber":139,"format":1},{"classLoaderName":"app","declaringClass":"org.testng.internal.invokers.TestInvoker","methodName":"invokeMethod","fileName":"TestInvoker.java","lineNumber":664,"format":1},{"classLoaderName":"app","declaringClass":"org.testng.internal.invokers.TestInvoker","methodName":"invokeTestMethod","fileName":"TestInvoker.java","lineNumber":227,"format":1},{"classLoaderName":"app","declaringClass":"org.testng.internal.invokers.MethodRunner","methodName":"runInSequence","fileName":"MethodRunner.java","lineNumber":50,"format":1},{"classLoaderName":"app","declaringClass":"org.testng.internal.invokers.TestInvoker$MethodInvocationAgent","methodName":"invoke","fileName":"TestInvoker.java","lineNumber":957,"format":1},{"classLoaderName":"app","declaringClass":"org.testng.internal.invokers.TestInvoker","methodName":"invokeTestMethods","fileName":"TestInvoker.java","lineNumber":200,"format":1},{"classLoaderName":"app","declaringClass":"org.testng.internal.invokers.TestMethodWorker","methodName":"invokeTestMethods","fileName":"TestMethodWorker.java","lineNumber":148,"format":1},{"classLoaderName":"app","declaringClass":"org.testng.internal.invokers.TestMethodWorker","methodName":"run","fileName":"TestMethodWorker.java","lineNumber":128,"format":1},{"moduleName":"java.base","moduleVersion":"17.0.8","declaringClass":"java.util.ArrayList","methodName":"forEach","fileName":"ArrayList.java","lineNumber":1511,"format":2},{"classLoaderName":"app","declaringClass":"org.testng.TestRunner","methodName":"privateRun","fileName":"TestRunner.java","lineNumber":848,"format":1},{"classLoaderName":"app","declaringClass":"org.testng.TestRunner","methodName":"run","fileName":"TestRunner.java","lineNumber":621,"format":1},{"classLoaderName":"app","declaringClass":"org.testng.SuiteRunner","methodName":"runTest","fileName":"SuiteRunner.java","lineNumber":443,"format":1},{"classLoaderName":"app","declaringClass":"org.testng.SuiteRunner","methodName":"runSequentially","fileName":"SuiteRunner.java","lineNumber":437,"format":1},{"classLoaderName":"app","declaringClass":"org.testng.SuiteRunner","methodName":"privateRun","fileName":"SuiteRunner.java","lineNumber":397,"format":1},{"classLoaderName":"app","declaringClass":"org.testng.SuiteRunner","methodName":"run","fileName":"SuiteRunner.java","lineNumber":336,"format":1},{"classLoaderName":"app","declaringClass":"org.testng.SuiteRunnerWorker","methodName":"runSuite","fileName":"SuiteRunnerWorker.java","lineNumber":52,"format":1},{"classLoaderName":"app","declaringClass":"org.testng.SuiteRunnerWorker","methodName":"run","fileName":"SuiteRunnerWorker.java","lineNumber":95,"format":1},{"classLoaderName":"app","declaringClass":"org.testng.TestNG","methodName":"runSuitesSequentially","fileName":"TestNG.java","lineNumber":1280,"format":1},{"classLoaderName":"app","declaringClass":"org.testng.TestNG","methodName":"runSuitesLocally","fileName":"TestNG.java","lineNumber":1200,"format":1},{"classLoaderName":"app","declaringClass":"org.testng.TestNG","methodName":"runSuites","fileName":"TestNG.java","lineNumber":1114,"format":1},{"classLoaderName":"app","declaringClass":"org.testng.TestNG","methodName":"run","fileName":"TestNG.java","lineNumber":1082,"format":1},{"classLoaderName":"app","declaringClass":"com.intellij.rt.testng.IDEARemoteTestNG","methodName":"run","fileName":"IDEARemoteTestNG.java","lineNumber":66,"format":1},{"classLoaderName":"app","declaringClass":"com.intellij.rt.testng.RemoteTestNGStarter","methodName":"main","fileName":"RemoteTestNGStarter.java","lineNumber":105,"format":1}],"suppressedExceptions":[]},"stackTrace":"io.cucumber.core.exception.CucumberException: Step [User Should able to see the OrangeHRM logo] is defined with 1 parameters at \u0027com.orangehrmlive.demo.steps.LoginPageSteps.userShouldAbleToSeeTheOrangeHRMLogo(java.lang.String)\u0027.\nHowever, the gherkin step has 0 arguments.\nStep text: User Should able to see the OrangeHRM logo\r\n\tat io.cucumber.core.runner.PickleStepDefinitionMatch.arityMismatch(PickleStepDefinitionMatch.java:83)\r\n\tat io.cucumber.core.runner.PickleStepDefinitionMatch.runStep(PickleStepDefinitionMatch.java:42)\r\n\tat io.cucumber.core.runner.ExecutionMode$1.execute(ExecutionMode.java:10)\r\n\tat io.cucumber.core.runner.TestStep.executeStep(TestStep.java:84)\r\n\tat io.cucumber.core.runner.TestStep.run(TestStep.java:56)\r\n\tat io.cucumber.core.runner.PickleStepTestStep.run(PickleStepTestStep.java:51)\r\n\tat io.cucumber.core.runner.TestCase.run(TestCase.java:84)\r\n\tat io.cucumber.core.runner.Runner.runPickle(Runner.java:75)\r\n\tat io.cucumber.testng.TestNGCucumberRunner.lambda$runScenario$1(TestNGCucumberRunner.java:132)\r\n\tat io.cucumber.core.runtime.CucumberExecutionContext.lambda$runTestCase$5(CucumberExecutionContext.java:137)\r\n\tat io.cucumber.core.runtime.RethrowingThrowableCollector.executeAndThrow(RethrowingThrowableCollector.java:23)\r\n\tat io.cucumber.core.runtime.CucumberExecutionContext.runTestCase(CucumberExecutionContext.java:137)\r\n\tat io.cucumber.testng.TestNGCucumberRunner.runScenario(TestNGCucumberRunner.java:129)\r\n\tat io.cucumber.testng.AbstractTestNGCucumberTests.runScenario(AbstractTestNGCucumberTests.java:35)\r\n\tat java.base/jdk.internal.reflect.NativeMethodAccessorImpl.invoke0(Native Method)\r\n\tat java.base/jdk.internal.reflect.NativeMethodAccessorImpl.invoke(NativeMethodAccessorImpl.java:77)\r\n\tat java.base/jdk.internal.reflect.DelegatingMethodAccessorImpl.invoke(DelegatingMethodAccessorImpl.java:43)\r\n\tat java.base/java.lang.reflect.Method.invoke(Method.java:568)\r\n\tat org.testng.internal.invokers.MethodInvocationHelper.invokeMethod(MethodInvocationHelper.java:139)\r\n\tat org.testng.internal.invokers.TestInvoker.invokeMethod(TestInvoker.java:664)\r\n\tat org.testng.internal.invokers.TestInvoker.invokeTestMethod(TestInvoker.java:227)\r\n\tat org.testng.internal.invokers.MethodRunner.runInSequence(MethodRunner.java:50)\r\n\tat org.testng.internal.invokers.TestInvoker$MethodInvocationAgent.invoke(TestInvoker.java:957)\r\n\tat org.testng.internal.invokers.TestInvoker.invokeTestMethods(TestInvoker.java:200)\r\n\tat org.testng.internal.invokers.TestMethodWorker.invokeTestMethods(TestMethodWorker.java:148)\r\n\tat org.testng.internal.invokers.TestMethodWorker.run(TestMethodWorker.java:128)\r\n\tat java.base/java.util.ArrayList.forEach(ArrayList.java:1511)\r\n\tat org.testng.TestRunner.privateRun(TestRunner.java:848)\r\n\tat org.testng.TestRunner.run(TestRunner.java:621)\r\n\tat org.testng.SuiteRunner.runTest(SuiteRunner.java:443)\r\n\tat org.testng.SuiteRunner.runSequentially(SuiteRunner.java:437)\r\n\tat org.testng.SuiteRunner.privateRun(SuiteRunner.java:397)\r\n\tat org.testng.SuiteRunner.run(SuiteRunner.java:336)\r\n\tat org.testng.SuiteRunnerWorker.runSuite(SuiteRunnerWorker.java:52)\r\n\tat org.testng.SuiteRunnerWorker.run(SuiteRunnerWorker.java:95)\r\n\tat org.testng.TestNG.runSuitesSequentially(TestNG.java:1280)\r\n\tat org.testng.TestNG.runSuitesLocally(TestNG.java:1200)\r\n\tat org.testng.TestNG.runSuites(TestNG.java:1114)\r\n\tat org.testng.TestNG.run(TestNG.java:1082)\r\n\tat com.intellij.rt.testng.IDEARemoteTestNG.run(IDEARemoteTestNG.java:66)\r\n\tat com.intellij.rt.testng.RemoteTestNGStarter.main(RemoteTestNGStarter.java:105)\r\n","name":"io.cucumber.core.exception.CucumberException"}}],"media":[],"exceptions":[{"exception":{"detailMessage":"Step [User Should able to see the OrangeHRM logo] is defined with 1 parameters at \u0027com.orangehrmlive.demo.steps.LoginPageSteps.userShouldAbleToSeeTheOrangeHRMLogo(java.lang.String)\u0027.\nHowever, the gherkin step has 0 arguments.\nStep text: User Should able to see the OrangeHRM logo","stackTrace":[{"classLoaderName":"app","declaringClass":"io.cucumber.core.runner.PickleStepDefinitionMatch","methodName":"arityMismatch","fileName":"PickleStepDefinitionMatch.java","lineNumber":83,"format":1},{"classLoaderName":"app","declaringClass":"io.cucumber.core.runner.PickleStepDefinitionMatch","methodName":"runStep","fileName":"PickleStepDefinitionMatch.java","lineNumber":42,"format":1},{"classLoaderName":"app","declaringClass":"io.cucumber.core.runner.ExecutionMode$1","methodName":"execute","fileName":"ExecutionMode.java","lineNumber":10,"format":1},{"classLoaderName":"app","declaringClass":"io.cucumber.core.runner.TestStep","methodName":"executeStep","fileName":"TestStep.java","lineNumber":84,"format":1},{"classLoaderName":"app","declaringClass":"io.cucumber.core.runner.TestStep","methodName":"run","fileName":"TestStep.java","lineNumber":56,"format":1},{"classLoaderName":"app","declaringClass":"io.cucumber.core.runner.PickleStepTestStep","methodName":"run","fileName":"PickleStepTestStep.java","lineNumber":51,"format":1},{"classLoaderName":"app","declaringClass":"io.cucumber.core.runner.TestCase","methodName":"run","fileName":"TestCase.java","lineNumber":84,"format":1},{"classLoaderName":"app","declaringClass":"io.cucumber.core.runner.Runner","methodName":"runPickle","fileName":"Runner.java","lineNumber":75,"format":1},{"classLoaderName":"app","declaringClass":"io.cucumber.testng.TestNGCucumberRunner","methodName":"lambda$runScenario$1","fileName":"TestNGCucumberRunner.java","lineNumber":132,"format":1},{"classLoaderName":"app","declaringClass":"io.cucumber.core.runtime.CucumberExecutionContext","methodName":"lambda$runTestCase$5","fileName":"CucumberExecutionContext.java","lineNumber":137,"format":1},{"classLoaderName":"app","declaringClass":"io.cucumber.core.runtime.RethrowingThrowableCollector","methodName":"executeAndThrow","fileName":"RethrowingThrowableCollector.java","lineNumber":23,"format":1},{"classLoaderName":"app","declaringClass":"io.cucumber.core.runtime.CucumberExecutionContext","methodName":"runTestCase","fileName":"CucumberExecutionContext.java","lineNumber":137,"format":1},{"classLoaderName":"app","declaringClass":"io.cucumber.testng.TestNGCucumberRunner","methodName":"runScenario","fileName":"TestNGCucumberRunner.java","lineNumber":129,"format":1},{"classLoaderName":"app","declaringClass":"io.cucumber.testng.AbstractTestNGCucumberTests","methodName":"runScenario","fileName":"AbstractTestNGCucumberTests.java","lineNumber":35,"format":1},{"moduleName":"java.base","moduleVersion":"17.0.8","declaringClass":"jdk.internal.reflect.NativeMethodAccessorImpl","methodName":"invoke0","fileName":"NativeMethodAccessorImpl.java","lineNumber":-2,"format":2},{"moduleName":"java.base","moduleVersion":"17.0.8","declaringClass":"jdk.internal.reflect.NativeMethodAccessorImpl","methodName":"invoke","fileName":"NativeMethodAccessorImpl.java","lineNumber":77,"format":2},{"moduleName":"java.base","moduleVersion":"17.0.8","declaringClass":"jdk.internal.reflect.DelegatingMethodAccessorImpl","methodName":"invoke","fileName":"DelegatingMethodAccessorImpl.java","lineNumber":43,"format":2},{"moduleName":"java.base","moduleVersion":"17.0.8","declaringClass":"java.lang.reflect.Method","methodName":"invoke","fileName":"Method.java","lineNumber":568,"format":2},{"classLoaderName":"app","declaringClass":"org.testng.internal.invokers.MethodInvocationHelper","methodName":"invokeMethod","fileName":"MethodInvocationHelper.java","lineNumber":139,"format":1},{"classLoaderName":"app","declaringClass":"org.testng.internal.invokers.TestInvoker","methodName":"invokeMethod","fileName":"TestInvoker.java","lineNumber":664,"format":1},{"classLoaderName":"app","declaringClass":"org.testng.internal.invokers.TestInvoker","methodName":"invokeTestMethod","fileName":"TestInvoker.java","lineNumber":227,"format":1},{"classLoaderName":"app","declaringClass":"org.testng.internal.invokers.MethodRunner","methodName":"runInSequence","fileName":"MethodRunner.java","lineNumber":50,"format":1},{"classLoaderName":"app","declaringClass":"org.testng.internal.invokers.TestInvoker$MethodInvocationAgent","methodName":"invoke","fileName":"TestInvoker.java","lineNumber":957,"format":1},{"classLoaderName":"app","declaringClass":"org.testng.internal.invokers.TestInvoker","methodName":"invokeTestMethods","fileName":"TestInvoker.java","lineNumber":200,"format":1},{"classLoaderName":"app","declaringClass":"org.testng.internal.invokers.TestMethodWorker","methodName":"invokeTestMethods","fileName":"TestMethodWorker.java","lineNumber":148,"format":1},{"classLoaderName":"app","declaringClass":"org.testng.internal.invokers.TestMethodWorker","methodName":"run","fileName":"TestMethodWorker.java","lineNumber":128,"format":1},{"moduleName":"java.base","moduleVersion":"17.0.8","declaringClass":"java.util.ArrayList","methodName":"forEach","fileName":"ArrayList.java","lineNumber":1511,"format":2},{"classLoaderName":"app","declaringClass":"org.testng.TestRunner","methodName":"privateRun","fileName":"TestRunner.java","lineNumber":848,"format":1},{"classLoaderName":"app","declaringClass":"org.testng.TestRunner","methodName":"run","fileName":"TestRunner.java","lineNumber":621,"format":1},{"classLoaderName":"app","declaringClass":"org.testng.SuiteRunner","methodName":"runTest","fileName":"SuiteRunner.java","lineNumber":443,"format":1},{"classLoaderName":"app","declaringClass":"org.testng.SuiteRunner","methodName":"runSequentially","fileName":"SuiteRunner.java","lineNumber":437,"format":1},{"classLoaderName":"app","declaringClass":"org.testng.SuiteRunner","methodName":"privateRun","fileName":"SuiteRunner.java","lineNumber":397,"format":1},{"classLoaderName":"app","declaringClass":"org.testng.SuiteRunner","methodName":"run","fileName":"SuiteRunner.java","lineNumber":336,"format":1},{"classLoaderName":"app","declaringClass":"org.testng.SuiteRunnerWorker","methodName":"runSuite","fileName":"SuiteRunnerWorker.java","lineNumber":52,"format":1},{"classLoaderName":"app","declaringClass":"org.testng.SuiteRunnerWorker","methodName":"run","fileName":"SuiteRunnerWorker.java","lineNumber":95,"format":1},{"classLoaderName":"app","declaringClass":"org.testng.TestNG","methodName":"runSuitesSequentially","fileName":"TestNG.java","lineNumber":1280,"format":1},{"classLoaderName":"app","declaringClass":"org.testng.TestNG","methodName":"runSuitesLocally","fileName":"TestNG.java","lineNumber":1200,"format":1},{"classLoaderName":"app","declaringClass":"org.testng.TestNG","methodName":"runSuites","fileName":"TestNG.java","lineNumber":1114,"format":1},{"classLoaderName":"app","declaringClass":"org.testng.TestNG","methodName":"run","fileName":"TestNG.java","lineNumber":1082,"format":1},{"classLoaderName":"app","declaringClass":"com.intellij.rt.testng.IDEARemoteTestNG","methodName":"run","fileName":"IDEARemoteTestNG.java","lineNumber":66,"format":1},{"classLoaderName":"app","declaringClass":"com.intellij.rt.testng.RemoteTestNGStarter","methodName":"main","fileName":"RemoteTestNGStarter.java","lineNumber":105,"format":1}],"suppressedExceptions":[]},"stackTrace":"io.cucumber.core.exception.CucumberException: Step [User Should able to see the OrangeHRM logo] is defined with 1 parameters at \u0027com.orangehrmlive.demo.steps.LoginPageSteps.userShouldAbleToSeeTheOrangeHRMLogo(java.lang.String)\u0027.\nHowever, the gherkin step has 0 arguments.\nStep text: User Should able to see the OrangeHRM logo\r\n\tat io.cucumber.core.runner.PickleStepDefinitionMatch.arityMismatch(PickleStepDefinitionMatch.java:83)\r\n\tat io.cucumber.core.runner.PickleStepDefinitionMatch.runStep(PickleStepDefinitionMatch.java:42)\r\n\tat io.cucumber.core.runner.ExecutionMode$1.execute(ExecutionMode.java:10)\r\n\tat io.cucumber.core.runner.TestStep.executeStep(TestStep.java:84)\r\n\tat io.cucumber.core.runner.TestStep.run(TestStep.java:56)\r\n\tat io.cucumber.core.runner.PickleStepTestStep.run(PickleStepTestStep.java:51)\r\n\tat io.cucumber.core.runner.TestCase.run(TestCase.java:84)\r\n\tat io.cucumber.core.runner.Runner.runPickle(Runner.java:75)\r\n\tat io.cucumber.testng.TestNGCucumberRunner.lambda$runScenario$1(TestNGCucumberRunner.java:132)\r\n\tat io.cucumber.core.runtime.CucumberExecutionContext.lambda$runTestCase$5(CucumberExecutionContext.java:137)\r\n\tat io.cucumber.core.runtime.RethrowingThrowableCollector.executeAndThrow(RethrowingThrowableCollector.java:23)\r\n\tat io.cucumber.core.runtime.CucumberExecutionContext.runTestCase(CucumberExecutionContext.java:137)\r\n\tat io.cucumber.testng.TestNGCucumberRunner.runScenario(TestNGCucumberRunner.java:129)\r\n\tat io.cucumber.testng.AbstractTestNGCucumberTests.runScenario(AbstractTestNGCucumberTests.java:35)\r\n\tat java.base/jdk.internal.reflect.NativeMethodAccessorImpl.invoke0(Native Method)\r\n\tat java.base/jdk.internal.reflect.NativeMethodAccessorImpl.invoke(NativeMethodAccessorImpl.java:77)\r\n\tat java.base/jdk.internal.reflect.DelegatingMethodAccessorImpl.invoke(DelegatingMethodAccessorImpl.java:43)\r\n\tat java.base/java.lang.reflect.Method.invoke(Method.java:568)\r\n\tat org.testng.internal.invokers.MethodInvocationHelper.invokeMethod(MethodInvocationHelper.java:139)\r\n\tat org.testng.internal.invokers.TestInvoker.invokeMethod(TestInvoker.java:664)\r\n\tat org.testng.internal.invokers.TestInvoker.invokeTestMethod(TestInvoker.java:227)\r\n\tat org.testng.internal.invokers.MethodRunner.runInSequence(MethodRunner.java:50)\r\n\tat org.testng.internal.invokers.TestInvoker$MethodInvocationAgent.invoke(TestInvoker.java:957)\r\n\tat org.testng.internal.invokers.TestInvoker.invokeTestMethods(TestInvoker.java:200)\r\n\tat org.testng.internal.invokers.TestMethodWorker.invokeTestMethods(TestMethodWorker.java:148)\r\n\tat org.testng.internal.invokers.TestMethodWorker.run(TestMethodWorker.java:128)\r\n\tat java.base/java.util.ArrayList.forEach(ArrayList.java:1511)\r\n\tat org.testng.TestRunner.privateRun(TestRunner.java:848)\r\n\tat org.testng.TestRunner.run(TestRunner.java:621)\r\n\tat org.testng.SuiteRunner.runTest(SuiteRunner.java:443)\r\n\tat org.testng.SuiteRunner.runSequentially(SuiteRunner.java:437)\r\n\tat org.testng.SuiteRunner.privateRun(SuiteRunner.java:397)\r\n\tat org.testng.SuiteRunner.run(SuiteRunner.java:336)\r\n\tat org.testng.SuiteRunnerWorker.runSuite(SuiteRunnerWorker.java:52)\r\n\tat org.testng.SuiteRunnerWorker.run(SuiteRunnerWorker.java:95)\r\n\tat org.testng.TestNG.runSuitesSequentially(TestNG.java:1280)\r\n\tat org.testng.TestNG.runSuitesLocally(TestNG.java:1200)\r\n\tat org.testng.TestNG.runSuites(TestNG.java:1114)\r\n\tat org.testng.TestNG.run(TestNG.java:1082)\r\n\tat com.intellij.rt.testng.IDEARemoteTestNG.run(IDEARemoteTestNG.java:66)\r\n\tat com.intellij.rt.testng.RemoteTestNGStarter.main(RemoteTestNGStarter.java:105)\r\n","name":"io.cucumber.core.exception.CucumberException"}],"authorSet":[],"categorySet":[],"deviceSet":[],"generatedLog":[]},{"useNaturalConf":true,"startTime":"Dec 18, 2023, 10:19:51 PM","endTime":"Dec 18, 2023, 10:19:51 PM","status":"SKIP","level":2,"isLeaf":true,"name":"Then User login to Application successfully","description":"com.orangehrmlive.demo.steps.LoginPageSteps.userLoginToApplicationSuccessfully()","bddType":"com.aventstack.extentreports.gherkin.model.Then","infoMap":{},"children":[],"logs":[{"timestamp":"Dec 18, 2023, 10:19:51 PM","status":"SKIP","details":"Step skipped","seq":0,"infoMap":{}}],"media":[],"exceptions":[],"authorSet":[],"categorySet":[],"deviceSet":[],"generatedLog":[]},{"useNaturalConf":true,"startTime":"Dec 18, 2023, 10:19:51 PM","endTime":"Dec 18, 2023, 10:19:52 PM","status":"PASS","level":2,"isLeaf":true,"name":"com.orangehrmlive.demo.steps.Hooks.tearDown(io.cucumber.java.Scenario)","description":"AFTER","bddType":"com.aventstack.extentreports.gherkin.model.Asterisk","infoMap":{},"children":[],"logs":[{"timestamp":"Dec 18, 2023, 10:19:52 PM","status":"INFO","details":"Verify That The Logo Display On HomePage","seq":0,"infoMap":{},"media":{"path":"../screenshots/embedded1.png"}},{"timestamp":"Dec 18, 2023, 10:19:52 PM","status":"PASS","details":"","seq":1,"infoMap":{}}],"media":[],"exceptions":[],"authorSet":[],"categorySet":[],"deviceSet":[],"generatedLog":[]}],"logs":[],"media":[],"exceptions":[],"authorSet":[],"categorySet":[{"name":"@Smoke"},{"name":"@Asha"},{"name":"@Regression"}],"deviceSet":[],"generatedLog":[]}],"logs":[],"media":[],"exceptions":[],"authorSet":[],"categorySet":[],"deviceSet":[],"generatedLog":[]}]